<?xml version="1.0" encoding="UTF-8"?>
<!-- Generated by org.testng.reporters.JUnitReportReporter -->
<testsuite skipped="0" hostname="DESKTOP-MSFH6J3" name="sample.testNG.WorksOnDate" tests="1" failures="0" timestamp="26 Jul 2022 07:25:13 GMT" time="0.053" errors="0">
  <testcase name="todayDate" time="0.053" classname="sample.testNG.WorksOnDate"/>
</testsuite> <!-- sample.testNG.WorksOnDate -->
