<?xml version="1.0" encoding="UTF-8"?>
<!-- Generated by org.testng.reporters.JUnitReportReporter -->
<testsuite skipped="0" hostname="DESKTOP-MSFH6J3" name="sample.testNG.Practice" tests="1" failures="0" timestamp="26 Jul 2022 06:59:34 GMT" time="13.188" errors="0">
  <testcase name="flipKart" time="13.188" classname="sample.testNG.Practice"/>
</testsuite> <!-- sample.testNG.Practice -->
