<?xml version="1.0" encoding="UTF-8"?>
<!-- Generated by org.testng.reporters.JUnitReportReporter -->
<testsuite hostname="DESKTOP-MSFH6J3" name="sample.testNG.LearnParameter" tests="1" failures="0" timestamp="30 Jul 2022 05:53:56 GMT" time="16.827" errors="0">
  <testcase name="adactin" time="16.827" classname="sample.testNG.LearnParameter"/>
</testsuite> <!-- sample.testNG.LearnParameter -->
