<?xml version="1.0" encoding="UTF-8"?>
<!-- Generated by org.testng.reporters.JUnitReportReporter -->
<testsuite skipped="0" hostname="DESKTOP-MSFH6J3" name="com.base.Automation" tests="1" failures="0" timestamp="26 Jul 2022 07:25:13 GMT" time="18.727" errors="0">
  <testcase name="alert" time="18.727" classname="com.base.Automation"/>
</testsuite> <!-- com.base.Automation -->
