<?xml version="1.0" encoding="UTF-8"?>
<!-- Generated by org.testng.reporters.JUnitReportReporter -->
<testsuite skipped="0" hostname="DESKTOP-MSFH6J3" name="sample.testNG.Sample" tests="1" failures="0" timestamp="26 Jul 2022 06:59:34 GMT" time="48.317" errors="0">
  <testcase name="letCode" time="48.317" classname="sample.testNG.Sample"/>
</testsuite> <!-- sample.testNG.Sample -->
